Using pre-set license
Built from '2021.3/staging' branch; Version is '2021.3.4f1 (cb45f9cae8b7) revision 13321721'; Using compiler version '192829333'; Build Type 'Release'
OS: 'Windows 11  (10.0.22000) 64bit Professional' Language: 'es' Physical Memory: 16221 MB
BatchMode: 1, IsHumanControllingUs: 0, StartBugReporterOnCrash: 0, Is64bit: 1, IsPro: 1

COMMAND LINE ARGUMENTS:
C:\Program Files\Unity\Hub\Editor\2021.3.4f1\Editor\Unity.exe
-adb2
-batchMode
-noUpm
-name
AssetImportWorker0
-projectPath
C:/Users/sobre/Desktop/Copias Unity/Psychonauts 2 Hologram
-logFile
Logs/AssetImportWorker0.log
-srvPort
65507
Successfully changed project path to: C:/Users/sobre/Desktop/Copias Unity/Psychonauts 2 Hologram
C:/Users/sobre/Desktop/Copias Unity/Psychonauts 2 Hologram
[UnityMemory] Configuration Parameters - Can be set up in boot.config
    "memorysetup-bucket-allocator-granularity=16"
    "memorysetup-bucket-allocator-bucket-count=8"
    "memorysetup-bucket-allocator-block-size=33554432"
    "memorysetup-bucket-allocator-block-count=8"
    "memorysetup-main-allocator-block-size=16777216"
    "memorysetup-thread-allocator-block-size=16777216"
    "memorysetup-gfx-main-allocator-block-size=16777216"
    "memorysetup-gfx-thread-allocator-block-size=16777216"
    "memorysetup-cache-allocator-block-size=4194304"
    "memorysetup-typetree-allocator-block-size=2097152"
    "memorysetup-profiler-bucket-allocator-granularity=16"
    "memorysetup-profiler-bucket-allocator-bucket-count=8"
    "memorysetup-profiler-bucket-allocator-block-size=33554432"
    "memorysetup-profiler-bucket-allocator-block-count=8"
    "memorysetup-profiler-allocator-block-size=16777216"
    "memorysetup-profiler-editor-allocator-block-size=1048576"
    "memorysetup-temp-allocator-size-main=16777216"
    "memorysetup-job-temp-allocator-block-size=2097152"
    "memorysetup-job-temp-allocator-block-size-background=1048576"
    "memorysetup-job-temp-allocator-reduction-small-platforms=262144"
    "memorysetup-temp-allocator-size-background-worker=32768"
    "memorysetup-temp-allocator-size-job-worker=262144"
    "memorysetup-temp-allocator-size-preload-manager=33554432"
    "memorysetup-temp-allocator-size-nav-mesh-worker=65536"
    "memorysetup-temp-allocator-size-audio-worker=65536"
    "memorysetup-temp-allocator-size-cloud-worker=32768"
    "memorysetup-temp-allocator-size-gi-baking-worker=262144"
    "memorysetup-temp-allocator-size-gfx=262144"
Refreshing native plugins compatible for Editor in 95.32 ms, found 3 plugins.
Preloading 0 native plugins for Editor in 0.00 ms.
Initialize engine version: 2021.3.4f1 (cb45f9cae8b7)
[Subsystems] Discovering subsystems at path C:/Program Files/Unity/Hub/Editor/2021.3.4f1/Editor/Data/Resources/UnitySubsystems
[Subsystems] Discovering subsystems at path C:/Users/sobre/Desktop/Copias Unity/Psychonauts 2 Hologram/Assets
GfxDevice: creating device client; threaded=0; jobified=0
Direct3D:
    Version:  Direct3D 11.0 [level 11.1]
    Renderer: NVIDIA GeForce GTX 1650 (ID=0x1f99)
    Vendor:   NVIDIA
    VRAM:     3962 MB
    Driver:   31.0.15.1691
Initialize mono
Mono path[0] = 'C:/Program Files/Unity/Hub/Editor/2021.3.4f1/Editor/Data/Managed'
Mono path[1] = 'C:/Program Files/Unity/Hub/Editor/2021.3.4f1/Editor/Data/MonoBleedingEdge/lib/mono/unityjit-win32'
Mono config path = 'C:/Program Files/Unity/Hub/Editor/2021.3.4f1/Editor/Data/MonoBleedingEdge/etc'
Using monoOptions --debugger-agent=transport=dt_socket,embedding=1,server=y,suspend=n,address=127.0.0.1:56556
Begin MonoManager ReloadAssembly
Registering precompiled unity dll's ...
Register platform support module: C:/Program Files/Unity/Hub/Editor/2021.3.4f1/Editor/Data/PlaybackEngines/WindowsStandaloneSupport/UnityEditor.WindowsStandalone.Extensions.dll
Registered in 0.004831 seconds.
Native extension for WindowsStandalone target not found
Refreshing native plugins compatible for Editor in 105.33 ms, found 3 plugins.
Preloading 0 native plugins for Editor in 0.00 ms.
Mono: successfully reloaded assembly
- Completed reload, in  0.751 seconds
Domain Reload Profiling:
	ReloadAssembly (751ms)
		BeginReloadAssembly (79ms)
			ExecutionOrderSort (0ms)
			DisableScriptedObjects (0ms)
			BackupInstance (0ms)
			ReleaseScriptingObjects (0ms)
			CreateAndSetChildDomain (1ms)
		EndReloadAssembly (560ms)
			LoadAssemblies (77ms)
			RebuildTransferFunctionScriptingTraits (0ms)
			SetupTypeCache (130ms)
			ReleaseScriptCaches (0ms)
			RebuildScriptCaches (37ms)
			SetupLoadedEditorAssemblies (339ms)
				LogAssemblyErrors (0ms)
				InitializePlatformSupportModulesInManaged (8ms)
				SetLoadedEditorAssemblies (0ms)
				RefreshPlugins (105ms)
				BeforeProcessingInitializeOnLoad (1ms)
				ProcessInitializeOnLoadAttributes (175ms)
				ProcessInitializeOnLoadMethodAttributes (49ms)
				AfterProcessingInitializeOnLoad (0ms)
				EditorAssembliesLoaded (0ms)
			ExecutionOrderSort2 (0ms)
			AwakeInstancesAfterBackupRestoration (0ms)
Platform modules already initialized, skipping
Registering precompiled user dll's ...
Registered in 0.004369 seconds.
Begin MonoManager ReloadAssembly
Symbol file LoadedFromMemory doesn't match image C:\Users\sobre\Desktop\Copias Unity\Psychonauts 2 Hologram\Library\PackageCache\com.unity.visualscripting@1.7.8\Editor\VisualScripting.Core\Dependencies\YamlDotNet\Unity.VisualScripting.YamlDotNet.dll
Symbol file LoadedFromMemory doesn't match image C:\Users\sobre\Desktop\Copias Unity\Psychonauts 2 Hologram\Library\PackageCache\com.unity.visualscripting@1.7.8\Editor\VisualScripting.Core\Dependencies\DotNetZip\Unity.VisualScripting.IonicZip.dll
Native extension for WindowsStandalone target not found
Refreshing native plugins compatible for Editor in 0.69 ms, found 3 plugins.
Preloading 0 native plugins for Editor in 0.00 ms.
Mono: successfully reloaded assembly
- Completed reload, in  1.199 seconds
Domain Reload Profiling:
	ReloadAssembly (1200ms)
		BeginReloadAssembly (140ms)
			ExecutionOrderSort (0ms)
			DisableScriptedObjects (9ms)
			BackupInstance (0ms)
			ReleaseScriptingObjects (0ms)
			CreateAndSetChildDomain (25ms)
		EndReloadAssembly (938ms)
			LoadAssemblies (86ms)
			RebuildTransferFunctionScriptingTraits (0ms)
			SetupTypeCache (317ms)
			ReleaseScriptCaches (1ms)
			RebuildScriptCaches (63ms)
			SetupLoadedEditorAssemblies (431ms)
				LogAssemblyErrors (0ms)
				InitializePlatformSupportModulesInManaged (6ms)
				SetLoadedEditorAssemblies (1ms)
				RefreshPlugins (1ms)
				BeforeProcessingInitializeOnLoad (108ms)
				ProcessInitializeOnLoadAttributes (276ms)
				ProcessInitializeOnLoadMethodAttributes (34ms)
				AfterProcessingInitializeOnLoad (6ms)
				EditorAssembliesLoaded (0ms)
			ExecutionOrderSort2 (0ms)
			AwakeInstancesAfterBackupRestoration (6ms)
Platform modules already initialized, skipping
========================================================================
Worker process is ready to serve import requests
Launched and connected shader compiler UnityShaderCompiler.exe after 0.04 seconds
Refreshing native plugins compatible for Editor in 0.54 ms, found 3 plugins.
Preloading 0 native plugins for Editor in 0.00 ms.
Unloading 3368 Unused Serialized files (Serialized files now loaded: 0)
Unloading 27 unused Assets / (110.9 KB). Loaded Objects now: 3824.
Memory consumption went from 115.8 MB to 115.7 MB.
Total: 3.272800 ms (FindLiveObjects: 0.318000 ms CreateObjectMapping: 0.295300 ms MarkObjects: 2.505300 ms  DeleteObjects: 0.152400 ms)

AssetImportParameters requested are different than current active one (requested -> active):
  custom:video-decoder-ogg-theora: a1e56fd34408186e4bbccfd4996cb3dc -> 
  custom:container-muxer-webm: aa71ff27fc2769a1b78a27578f13a17b -> 
  custom:container-demuxer-webm: 4f35f7cbe854078d1ac9338744f61a02 -> 
  custom:video-encoder-webm-vp8: eb34c28f22e8b96e1ab97ce403110664 -> 
  custom:audio-encoder-webm-vorbis: bf7c407c2cedff20999df2af8eb42d56 -> 
  custom:framework-win-MediaFoundation: 216162199b28c13a410421893ffa2e32 -> 
  custom:container-demuxer-ogg: 62fdf1f143b41e24485cea50d1cbac27 -> 
  custom:video-decoder-webm-vp8: 9c59270c3fd7afecdb556c50c9e8de78 -> 
  custom:audio-decoder-ogg-vorbis: bf7c407c2cedff20999df2af8eb42d56 -> 
========================================================================
Received Import Request.
  Time since last request: 1160510.779233 seconds.
  path: Assets/Materials
  artifactKey: Guid(58fa5bfe73b8dd346bc16677d3f24a28) Importer(815301076,1909f56bfc062723c751e8b465ee728b)
Start importing Assets/Materials using Guid(58fa5bfe73b8dd346bc16677d3f24a28) Importer(815301076,1909f56bfc062723c751e8b465ee728b)  -> (artifact id: '8645f13d6d80194de43ee1776205a46d') in 0.018515 seconds 
========================================================================
Received Import Request.
  Time since last request: 4.093083 seconds.
  path: Assets/Shaders
  artifactKey: Guid(061e971469563dc41af0496dbb72dc0f) Importer(815301076,1909f56bfc062723c751e8b465ee728b)
Start importing Assets/Shaders using Guid(061e971469563dc41af0496dbb72dc0f) Importer(815301076,1909f56bfc062723c751e8b465ee728b)  -> (artifact id: 'b9a2fdbaa07a0b29bbf9a2417b9c16c5') in 0.008737 seconds 
========================================================================
Received Import Request.
  Time since last request: 8.375490 seconds.
  path: Assets/Scripts
  artifactKey: Guid(c714e8d79d700704480e3db2f6aa0aa8) Importer(815301076,1909f56bfc062723c751e8b465ee728b)
Start importing Assets/Scripts using Guid(c714e8d79d700704480e3db2f6aa0aa8) Importer(815301076,1909f56bfc062723c751e8b465ee728b)  -> (artifact id: '3d99be54f38dc4e1f1052cccbe2d65d7') in 0.008567 seconds 
========================================================================
Received Import Request.
  Time since last request: 26.935270 seconds.
  path: Assets/Shaders/HologramEffect.shader
  artifactKey: Guid(e96a0e77ffd6a85459ef318ee2030239) Importer(815301076,1909f56bfc062723c751e8b465ee728b)
Start importing Assets/Shaders/HologramEffect.shader using Guid(e96a0e77ffd6a85459ef318ee2030239) Importer(815301076,1909f56bfc062723c751e8b465ee728b)  -> (artifact id: '611783f6157d703c7bd1cd750665cb21') in 0.046861 seconds 
========================================================================
Received Import Request.
  Time since last request: 45.878887 seconds.
  path: Assets/Shaders/HologramEffect.shader
  artifactKey: Guid(e96a0e77ffd6a85459ef318ee2030239) Importer(815301076,1909f56bfc062723c751e8b465ee728b)
Start importing Assets/Shaders/HologramEffect.shader using Guid(e96a0e77ffd6a85459ef318ee2030239) Importer(815301076,1909f56bfc062723c751e8b465ee728b)  -> (artifact id: '6bcad03c0c002436a6a1c2f7cb0746a0') in 0.002862 seconds 
========================================================================
Received Import Request.
  Time since last request: 251.355579 seconds.
  path: Assets/Models
  artifactKey: Guid(011a9d0bc82392b4aa3f19f6743c55cc) Importer(815301076,1909f56bfc062723c751e8b465ee728b)
Start importing Assets/Models using Guid(011a9d0bc82392b4aa3f19f6743c55cc) Importer(815301076,1909f56bfc062723c751e8b465ee728b)  -> (artifact id: 'b188ca4dd1b0218fa0b5971e5ef0fef4') in 0.006395 seconds 
========================================================================
Received Import Request.
  Time since last request: 2.983699 seconds.
  path: Assets/Models/Hand.fbx
  artifactKey: Guid(fa9a04308ad03e04aa8d980d6c66298f) Importer(815301076,1909f56bfc062723c751e8b465ee728b)
Start importing Assets/Models/Hand.fbx using Guid(fa9a04308ad03e04aa8d980d6c66298f) Importer(815301076,1909f56bfc062723c751e8b465ee728b)  -> (artifact id: '4aa304558359819377b3690e4cc82969') in 0.309891 seconds 
========================================================================
Received Import Request.
  Time since last request: 60.830494 seconds.
  path: Assets/Materials/HoloMat.mat
  artifactKey: Guid(f94a44110907cca44baaf6b445ba0504) Importer(815301076,1909f56bfc062723c751e8b465ee728b)
Start importing Assets/Materials/HoloMat.mat using Guid(f94a44110907cca44baaf6b445ba0504) Importer(815301076,1909f56bfc062723c751e8b465ee728b)  -> (artifact id: '184a0ab016d9573beab781a5a7e44e7f') in 0.016816 seconds 
========================================================================
Received Import Request.
  Time since last request: 41.631777 seconds.
  path: Assets/Materials/HoloMat.mat
  artifactKey: Guid(f94a44110907cca44baaf6b445ba0504) Importer(815301076,1909f56bfc062723c751e8b465ee728b)
Start importing Assets/Materials/HoloMat.mat using Guid(f94a44110907cca44baaf6b445ba0504) Importer(815301076,1909f56bfc062723c751e8b465ee728b)  -> (artifact id: '84fbcb59041a5ab1fa150245b5a73cd7') in 0.053924 seconds 
========================================================================
Received Import Request.
  Time since last request: 12.158786 seconds.
  path: Assets/Materials/HoloMat.mat
  artifactKey: Guid(f94a44110907cca44baaf6b445ba0504) Importer(815301076,1909f56bfc062723c751e8b465ee728b)
Start importing Assets/Materials/HoloMat.mat using Guid(f94a44110907cca44baaf6b445ba0504) Importer(815301076,1909f56bfc062723c751e8b465ee728b)  -> (artifact id: '43c9e564d93ee1782b5b201e98d631cf') in 0.008675 seconds 
========================================================================
Received Import Request.
  Time since last request: 38.366979 seconds.
  path: Assets/Materials/HoloMat.mat
  artifactKey: Guid(f94a44110907cca44baaf6b445ba0504) Importer(815301076,1909f56bfc062723c751e8b465ee728b)
Start importing Assets/Materials/HoloMat.mat using Guid(f94a44110907cca44baaf6b445ba0504) Importer(815301076,1909f56bfc062723c751e8b465ee728b)  -> (artifact id: '09c1dc22867a1e7629ddf22b9868e0b9') in 0.040641 seconds 
========================================================================
Received Import Request.
  Time since last request: 2.897686 seconds.
  path: Assets/Materials/HoloMat.mat
  artifactKey: Guid(f94a44110907cca44baaf6b445ba0504) Importer(815301076,1909f56bfc062723c751e8b465ee728b)
Start importing Assets/Materials/HoloMat.mat using Guid(f94a44110907cca44baaf6b445ba0504) Importer(815301076,1909f56bfc062723c751e8b465ee728b)  -> (artifact id: '0891af7f8312c7da7fedf65086cd4979') in 0.008772 seconds 
========================================================================
Received Import Request.
  Time since last request: 75.830974 seconds.
  path: Assets/Materials/HoloMat.mat
  artifactKey: Guid(f94a44110907cca44baaf6b445ba0504) Importer(815301076,1909f56bfc062723c751e8b465ee728b)
Start importing Assets/Materials/HoloMat.mat using Guid(f94a44110907cca44baaf6b445ba0504) Importer(815301076,1909f56bfc062723c751e8b465ee728b)  -> (artifact id: 'e25d501f404076eb96c45944026ebee3') in 0.013505 seconds 
========================================================================
Received Import Request.
  Time since last request: 174.469254 seconds.
  path: Assets/Shaders/HologramEffect.shader
  artifactKey: Guid(e96a0e77ffd6a85459ef318ee2030239) Importer(815301076,1909f56bfc062723c751e8b465ee728b)
Start importing Assets/Shaders/HologramEffect.shader using Guid(e96a0e77ffd6a85459ef318ee2030239) Importer(815301076,1909f56bfc062723c751e8b465ee728b)  -> (artifact id: 'de256e5575866bbfe7fecf95e13b5c94') in 0.002684 seconds 
